<?xml version="1.0" encoding="UTF-8" ?>
<testsuite tests="3" failures="0" name="org.joget.directory.model.service.TestDirectoryManager" time="12.535" errors="0" skipped="0">
  <properties>
    <property name="java.runtime.name" value="Java(TM) SE Runtime Environment"/>
    <property name="sun.boot.library.path" value="C:\Program Files\Java\jdk1.8.0_101\jre\bin"/>
    <property name="java.vm.version" value="25.101-b13"/>
    <property name="java.vm.vendor" value="Oracle Corporation"/>
    <property name="java.vendor.url" value="http://java.oracle.com/"/>
    <property name="path.separator" value=";"/>
    <property name="java.vm.name" value="Java HotSpot(TM) 64-Bit Server VM"/>
    <property name="file.encoding.pkg" value="sun.io"/>
    <property name="user.script" value=""/>
    <property name="user.country" value="MX"/>
    <property name="sun.java.launcher" value="SUN_STANDARD"/>
    <property name="sun.os.patch.level" value="Service Pack 1"/>
    <property name="java.vm.specification.name" value="Java Virtual Machine Specification"/>
    <property name="user.dir" value="C:\Users\isai.reyes\Downloads\jw\jw-community-5.0-SNAPSHOT\wflow-directory"/>
    <property name="java.runtime.version" value="1.8.0_101-b13"/>
    <property name="java.awt.graphicsenv" value="sun.awt.Win32GraphicsEnvironment"/>
    <property name="basedir" value="C:\Users\isai.reyes\Downloads\jw\jw-community-5.0-SNAPSHOT\wflow-directory"/>
    <property name="java.endorsed.dirs" value="C:\Program Files\Java\jdk1.8.0_101\jre\lib\endorsed"/>
    <property name="os.arch" value="amd64"/>
    <property name="surefire.real.class.path" value="C:\Users\ISAI~1.REY\AppData\Local\Temp\surefirebooter4589297557817861691.jar"/>
    <property name="java.io.tmpdir" value="C:\Users\ISAI~1.REY\AppData\Local\Temp\"/>
    <property name="line.separator" value="
"/>
    <property name="java.vm.specification.vendor" value="Oracle Corporation"/>
    <property name="user.variant" value=""/>
    <property name="log4j.ignoreTCL" value="true"/>
    <property name="os.name" value="Windows 7"/>
    <property name="sun.jnu.encoding" value="Cp1252"/>
    <property name="java.library.path" value="C:\Program Files\Java\jdk1.8.0_101\jre\bin;C:\Windows\Sun\Java\bin;C:\Windows\system32;C:\Windows;C:/Program Files/Java/jdk1.8.0_101/bin/../jre/bin/server;C:/Program Files/Java/jdk1.8.0_101/bin/../jre/bin;C:/Program Files/Java/jdk1.8.0_101/bin/../jre/lib/amd64;C:\Program Files\Java\jdk1.8.0_101\bin;C:\Program Files (x86)\Intel\iCLS Client\;C:\Program Files\Intel\iCLS Client\;C:\Windows\system32;C:\Windows;C:\Windows\System32\Wbem;C:\Windows\System32\WindowsPowerShell\v1.0\;C:\Program Files\Intel\Intel(R) Management Engine Components\DAL;C:\Program Files (x86)\Intel\Intel(R) Management Engine Components\DAL;C:\Program Files\Intel\Intel(R) Management Engine Components\IPT;C:\Program Files (x86)\Intel\Intel(R) Management Engine Components\IPT;C:\Program Files\Intel\WiFi\bin\;C:\Program Files\Common Files\Intel\WirelessCommon\;C:\Program Files (x86)\Skype\Phone\;C:\eclipse\sts\sts-bundle\sts-3.8.1.RELEASE;;."/>
    <property name="surefire.test.class.path" value="C:\Users\isai.reyes\Downloads\jw\jw-community-5.0-SNAPSHOT\wflow-directory\target\test-classes;C:\Users\isai.reyes\Downloads\jw\jw-community-5.0-SNAPSHOT\wflow-directory\target\classes;C:\Users\isai.reyes\Downloads\jw\jw-community-5.0-SNAPSHOT\wflow-commons\target\wflow-commons-5.0-SNAPSHOT.jar;C:\Users\isai.reyes\.m2\repository\log4j\log4j\1.2.16\log4j-1.2.16.jar;C:\Users\isai.reyes\.m2\repository\org\springframework\spring-core\4.1.6.RELEASE\spring-core-4.1.6.RELEASE.jar;C:\Users\isai.reyes\.m2\repository\commons-logging\commons-logging\1.2\commons-logging-1.2.jar;C:\Users\isai.reyes\.m2\repository\org\springframework\spring-orm\4.1.6.RELEASE\spring-orm-4.1.6.RELEASE.jar;C:\Users\isai.reyes\.m2\repository\org\springframework\spring-beans\4.1.6.RELEASE\spring-beans-4.1.6.RELEASE.jar;C:\Users\isai.reyes\.m2\repository\org\springframework\spring-jdbc\4.1.6.RELEASE\spring-jdbc-4.1.6.RELEASE.jar;C:\Users\isai.reyes\.m2\repository\org\springframework\spring-tx\4.1.6.RELEASE\spring-tx-4.1.6.RELEASE.jar;C:\Users\isai.reyes\.m2\repository\org\springframework\spring-context-support\4.1.6.RELEASE\spring-context-support-4.1.6.RELEASE.jar;C:\Users\isai.reyes\.m2\repository\org\springframework\spring-context\4.1.6.RELEASE\spring-context-4.1.6.RELEASE.jar;C:\Users\isai.reyes\.m2\repository\org\springframework\spring-aop\4.1.6.RELEASE\spring-aop-4.1.6.RELEASE.jar;C:\Users\isai.reyes\.m2\repository\aopalliance\aopalliance\1.0\aopalliance-1.0.jar;C:\Users\isai.reyes\.m2\repository\org\springframework\spring-aspects\4.1.6.RELEASE\spring-aspects-4.1.6.RELEASE.jar;C:\Users\isai.reyes\.m2\repository\org\aspectj\aspectjweaver\1.8.5\aspectjweaver-1.8.5.jar;C:\Users\isai.reyes\.m2\repository\org\springframework\spring-webmvc\4.1.6.RELEASE\spring-webmvc-4.1.6.RELEASE.jar;C:\Users\isai.reyes\.m2\repository\org\springframework\spring-expression\4.1.6.RELEASE\spring-expression-4.1.6.RELEASE.jar;C:\Users\isai.reyes\.m2\repository\org\springframework\spring-web\4.1.6.RELEASE\spring-web-4.1.6.RELEASE.jar;C:\Users\isai.reyes\.m2\repository\org\springmodules\spring-modules-validation\0.8\spring-modules-validation-0.8.jar;C:\Users\isai.reyes\.m2\repository\commons-lang\commons-lang\2.2\commons-lang-2.2.jar;C:\Users\isai.reyes\.m2\repository\commons-collections\commons-collections\3.1\commons-collections-3.1.jar;C:\Users\isai.reyes\.m2\repository\commons-validator\commons-validator\1.3.0\commons-validator-1.3.0.jar;C:\Users\isai.reyes\.m2\repository\oro\oro\2.0.8\oro-2.0.8.jar;C:\Users\isai.reyes\.m2\repository\commons-beanutils\commons-beanutils\1.7.0\commons-beanutils-1.7.0.jar;C:\Users\isai.reyes\.m2\repository\commons-digester\commons-digester\1.7\commons-digester-1.7.jar;C:\Users\isai.reyes\.m2\repository\antlr\antlr\2.7.6\antlr-2.7.6.jar;C:\Users\isai.reyes\.m2\repository\rhino\js\1.6R2\js-1.6R2.jar;C:\Users\isai.reyes\.m2\repository\xerces\xercesImpl\2.11.0\xercesImpl-2.11.0.jar;C:\Users\isai.reyes\.m2\repository\xml-apis\xml-apis\1.4.01\xml-apis-1.4.01.jar;C:\Users\isai.reyes\.m2\repository\org\springframework\security\spring-security-acl\4.0.0.RELEASE\spring-security-acl-4.0.0.RELEASE.jar;C:\Users\isai.reyes\.m2\repository\org\springframework\security\spring-security-core\4.0.0.RELEASE\spring-security-core-4.0.0.RELEASE.jar;C:\Users\isai.reyes\.m2\repository\org\springframework\security\spring-security-web\4.0.0.RELEASE\spring-security-web-4.0.0.RELEASE.jar;C:\Users\isai.reyes\.m2\repository\org\springframework\security\spring-security-config\4.0.0.RELEASE\spring-security-config-4.0.0.RELEASE.jar;C:\Users\isai.reyes\.m2\repository\org\hibernate\hibernate-core\4.3.9.Final\hibernate-core-4.3.9.Final.jar;C:\Users\isai.reyes\.m2\repository\org\jboss\logging\jboss-logging\3.1.3.GA\jboss-logging-3.1.3.GA.jar;C:\Users\isai.reyes\.m2\repository\org\jboss\logging\jboss-logging-annotations\1.2.0.Beta1\jboss-logging-annotations-1.2.0.Beta1.jar;C:\Users\isai.reyes\.m2\repository\org\jboss\spec\javax\transaction\jboss-transaction-api_1.2_spec\1.0.0.Final\jboss-transaction-api_1.2_spec-1.0.0.Final.jar;C:\Users\isai.reyes\.m2\repository\dom4j\dom4j\1.6.1\dom4j-1.6.1.jar;C:\Users\isai.reyes\.m2\repository\org\hibernate\common\hibernate-commons-annotations\4.0.5.Final\hibernate-commons-annotations-4.0.5.Final.jar;C:\Users\isai.reyes\.m2\repository\org\hibernate\javax\persistence\hibernate-jpa-2.1-api\1.0.0.Final\hibernate-jpa-2.1-api-1.0.0.Final.jar;C:\Users\isai.reyes\.m2\repository\org\javassist\javassist\3.18.1-GA\javassist-3.18.1-GA.jar;C:\Users\isai.reyes\.m2\repository\org\jboss\jandex\1.1.0.Final\jandex-1.1.0.Final.jar;C:\Users\isai.reyes\.m2\repository\org\hibernate\hibernate-entitymanager\4.3.9.Final\hibernate-entitymanager-4.3.9.Final.jar;C:\Users\isai.reyes\.m2\repository\javax\transaction\jta\1.1\jta-1.1.jar;C:\Users\isai.reyes\.m2\repository\org\slf4j\slf4j-api\1.7.10\slf4j-api-1.7.10.jar;C:\Users\isai.reyes\.m2\repository\org\slf4j\slf4j-log4j12\1.7.10\slf4j-log4j12-1.7.10.jar;C:\Users\isai.reyes\.m2\repository\org\slf4j\jcl-over-slf4j\1.7.10\jcl-over-slf4j-1.7.10.jar;C:\Users\isai.reyes\.m2\repository\net\sf\opencsv\opencsv\1.8\opencsv-1.8.jar;C:\Users\isai.reyes\.m2\repository\commons-dbcp\commons-dbcp\1.3\commons-dbcp-1.3.jar;C:\Users\isai.reyes\.m2\repository\commons-pool\commons-pool\1.5.4\commons-pool-1.5.4.jar;C:\Users\isai.reyes\.m2\repository\org\apache\commons\commons-email\1.4\commons-email-1.4.jar;C:\Users\isai.reyes\.m2\repository\com\sun\mail\javax.mail\1.5.2\javax.mail-1.5.2.jar;C:\Users\isai.reyes\.m2\repository\javax\activation\activation\1.1.1\activation-1.1.1.jar;C:\Users\isai.reyes\.m2\repository\javax\resource\connector-api\1.5\connector-api-1.5.jar;C:\Users\isai.reyes\.m2\repository\com\atomikos\transactions-jta\3.8.0\transactions-jta-3.8.0.jar;C:\Users\isai.reyes\.m2\repository\com\atomikos\transactions\3.8.0\transactions-3.8.0.jar;C:\Users\isai.reyes\.m2\repository\com\atomikos\transactions-api\3.8.0\transactions-api-3.8.0.jar;C:\Users\isai.reyes\.m2\repository\com\atomikos\atomikos-util\3.8.0\atomikos-util-3.8.0.jar;C:\Users\isai.reyes\.m2\repository\org\mockito\mockito-all\1.9.0\mockito-all-1.9.0.jar;C:\Users\isai.reyes\Downloads\jw\jw-community-5.0-SNAPSHOT\wflow-jdbc\target\wflow-jdbc-5.0-SNAPSHOT.jar;C:\Users\isai.reyes\.m2\repository\mysql\mysql-connector-java\5.1.37\mysql-connector-java-5.1.37.jar;C:\Users\isai.reyes\.m2\repository\com\oracle\ojdbc6\12.1.0.2\ojdbc6-12.1.0.2.jar;C:\Users\isai.reyes\.m2\repository\com\microsoft\sqljdbc\4.0\sqljdbc-4.0.jar;C:\Users\isai.reyes\.m2\repository\com\googlecode\json-simple\json-simple\1.1\json-simple-1.1.jar;C:\Users\isai.reyes\.m2\repository\net\sf\ehcache\ehcache-core\2.6.10\ehcache-core-2.6.10.jar;C:\Users\isai.reyes\.m2\repository\org\jsoup\jsoup\1.7.2\jsoup-1.7.2.jar;C:\Users\isai.reyes\.m2\repository\org\owasp\csrfguard\3.1.0\csrfguard-3.1.0.jar;C:\Users\isai.reyes\Downloads\jw\jw-community-5.0-SNAPSHOT\wflow-plugin-base\target\wflow-plugin-base-5.0-SNAPSHOT.jar;C:\Users\isai.reyes\.m2\repository\org\apache\felix\org.apache.felix.main\4.6.1\org.apache.felix.main-4.6.1.jar;C:\Users\isai.reyes\.m2\repository\org\apache\felix\org.apache.felix.framework\4.6.1\org.apache.felix.framework-4.6.1.jar;C:\Users\isai.reyes\.m2\repository\org\json\json\20080701\json-20080701.jar;C:\Users\isai.reyes\.m2\repository\net\sf\json-lib\json-lib\2.3\json-lib-2.3-jdk15.jar;C:\Users\isai.reyes\.m2\repository\net\sf\ezmorph\ezmorph\1.0.6\ezmorph-1.0.6.jar;C:\Users\isai.reyes\.m2\repository\xom\xom\1.1\xom-1.1.jar;C:\Users\isai.reyes\.m2\repository\xerces\xmlParserAPIs\2.6.2\xmlParserAPIs-2.6.2.jar;C:\Users\isai.reyes\.m2\repository\xalan\xalan\2.7.0\xalan-2.7.0.jar;C:\Users\isai.reyes\.m2\repository\jaxen\jaxen\1.1-beta-8\jaxen-1.1-beta-8.jar;C:\Users\isai.reyes\.m2\repository\jdom\jdom\1.0\jdom-1.0.jar;C:\Users\isai.reyes\.m2\repository\org\freemarker\freemarker\2.3.16\freemarker-2.3.16.jar;C:\Users\isai.reyes\.m2\repository\junit\junit\4.12\junit-4.12.jar;C:\Users\isai.reyes\.m2\repository\org\hamcrest\hamcrest-core\1.3\hamcrest-core-1.3.jar;C:\Users\isai.reyes\.m2\repository\org\springframework\spring-test\4.1.6.RELEASE\spring-test-4.1.6.RELEASE.jar;C:\Users\isai.reyes\.m2\repository\javax\servlet\javax.servlet-api\3.0.1\javax.servlet-api-3.0.1.jar;"/>
    <property name="java.specification.name" value="Java Platform API Specification"/>
    <property name="java.class.version" value="52.0"/>
    <property name="sun.management.compiler" value="HotSpot 64-Bit Tiered Compilers"/>
    <property name="os.version" value="6.1"/>
    <property name="user.home" value="C:\Users\isai.reyes"/>
    <property name="user.timezone" value="America/Mexico_City"/>
    <property name="java.awt.printerjob" value="sun.awt.windows.WPrinterJob"/>
    <property name="java.specification.version" value="1.8"/>
    <property name="file.encoding" value="Cp1252"/>
    <property name="user.name" value="isai.reyes"/>
    <property name="java.class.path" value="C:\Users\isai.reyes\Downloads\jw\jw-community-5.0-SNAPSHOT\wflow-directory\target\test-classes;C:\Users\isai.reyes\Downloads\jw\jw-community-5.0-SNAPSHOT\wflow-directory\target\classes;C:\Users\isai.reyes\Downloads\jw\jw-community-5.0-SNAPSHOT\wflow-commons\target\wflow-commons-5.0-SNAPSHOT.jar;C:\Users\isai.reyes\.m2\repository\log4j\log4j\1.2.16\log4j-1.2.16.jar;C:\Users\isai.reyes\.m2\repository\org\springframework\spring-core\4.1.6.RELEASE\spring-core-4.1.6.RELEASE.jar;C:\Users\isai.reyes\.m2\repository\commons-logging\commons-logging\1.2\commons-logging-1.2.jar;C:\Users\isai.reyes\.m2\repository\org\springframework\spring-orm\4.1.6.RELEASE\spring-orm-4.1.6.RELEASE.jar;C:\Users\isai.reyes\.m2\repository\org\springframework\spring-beans\4.1.6.RELEASE\spring-beans-4.1.6.RELEASE.jar;C:\Users\isai.reyes\.m2\repository\org\springframework\spring-jdbc\4.1.6.RELEASE\spring-jdbc-4.1.6.RELEASE.jar;C:\Users\isai.reyes\.m2\repository\org\springframework\spring-tx\4.1.6.RELEASE\spring-tx-4.1.6.RELEASE.jar;C:\Users\isai.reyes\.m2\repository\org\springframework\spring-context-support\4.1.6.RELEASE\spring-context-support-4.1.6.RELEASE.jar;C:\Users\isai.reyes\.m2\repository\org\springframework\spring-context\4.1.6.RELEASE\spring-context-4.1.6.RELEASE.jar;C:\Users\isai.reyes\.m2\repository\org\springframework\spring-aop\4.1.6.RELEASE\spring-aop-4.1.6.RELEASE.jar;C:\Users\isai.reyes\.m2\repository\aopalliance\aopalliance\1.0\aopalliance-1.0.jar;C:\Users\isai.reyes\.m2\repository\org\springframework\spring-aspects\4.1.6.RELEASE\spring-aspects-4.1.6.RELEASE.jar;C:\Users\isai.reyes\.m2\repository\org\aspectj\aspectjweaver\1.8.5\aspectjweaver-1.8.5.jar;C:\Users\isai.reyes\.m2\repository\org\springframework\spring-webmvc\4.1.6.RELEASE\spring-webmvc-4.1.6.RELEASE.jar;C:\Users\isai.reyes\.m2\repository\org\springframework\spring-expression\4.1.6.RELEASE\spring-expression-4.1.6.RELEASE.jar;C:\Users\isai.reyes\.m2\repository\org\springframework\spring-web\4.1.6.RELEASE\spring-web-4.1.6.RELEASE.jar;C:\Users\isai.reyes\.m2\repository\org\springmodules\spring-modules-validation\0.8\spring-modules-validation-0.8.jar;C:\Users\isai.reyes\.m2\repository\commons-lang\commons-lang\2.2\commons-lang-2.2.jar;C:\Users\isai.reyes\.m2\repository\commons-collections\commons-collections\3.1\commons-collections-3.1.jar;C:\Users\isai.reyes\.m2\repository\commons-validator\commons-validator\1.3.0\commons-validator-1.3.0.jar;C:\Users\isai.reyes\.m2\repository\oro\oro\2.0.8\oro-2.0.8.jar;C:\Users\isai.reyes\.m2\repository\commons-beanutils\commons-beanutils\1.7.0\commons-beanutils-1.7.0.jar;C:\Users\isai.reyes\.m2\repository\commons-digester\commons-digester\1.7\commons-digester-1.7.jar;C:\Users\isai.reyes\.m2\repository\antlr\antlr\2.7.6\antlr-2.7.6.jar;C:\Users\isai.reyes\.m2\repository\rhino\js\1.6R2\js-1.6R2.jar;C:\Users\isai.reyes\.m2\repository\xerces\xercesImpl\2.11.0\xercesImpl-2.11.0.jar;C:\Users\isai.reyes\.m2\repository\xml-apis\xml-apis\1.4.01\xml-apis-1.4.01.jar;C:\Users\isai.reyes\.m2\repository\org\springframework\security\spring-security-acl\4.0.0.RELEASE\spring-security-acl-4.0.0.RELEASE.jar;C:\Users\isai.reyes\.m2\repository\org\springframework\security\spring-security-core\4.0.0.RELEASE\spring-security-core-4.0.0.RELEASE.jar;C:\Users\isai.reyes\.m2\repository\org\springframework\security\spring-security-web\4.0.0.RELEASE\spring-security-web-4.0.0.RELEASE.jar;C:\Users\isai.reyes\.m2\repository\org\springframework\security\spring-security-config\4.0.0.RELEASE\spring-security-config-4.0.0.RELEASE.jar;C:\Users\isai.reyes\.m2\repository\org\hibernate\hibernate-core\4.3.9.Final\hibernate-core-4.3.9.Final.jar;C:\Users\isai.reyes\.m2\repository\org\jboss\logging\jboss-logging\3.1.3.GA\jboss-logging-3.1.3.GA.jar;C:\Users\isai.reyes\.m2\repository\org\jboss\logging\jboss-logging-annotations\1.2.0.Beta1\jboss-logging-annotations-1.2.0.Beta1.jar;C:\Users\isai.reyes\.m2\repository\org\jboss\spec\javax\transaction\jboss-transaction-api_1.2_spec\1.0.0.Final\jboss-transaction-api_1.2_spec-1.0.0.Final.jar;C:\Users\isai.reyes\.m2\repository\dom4j\dom4j\1.6.1\dom4j-1.6.1.jar;C:\Users\isai.reyes\.m2\repository\org\hibernate\common\hibernate-commons-annotations\4.0.5.Final\hibernate-commons-annotations-4.0.5.Final.jar;C:\Users\isai.reyes\.m2\repository\org\hibernate\javax\persistence\hibernate-jpa-2.1-api\1.0.0.Final\hibernate-jpa-2.1-api-1.0.0.Final.jar;C:\Users\isai.reyes\.m2\repository\org\javassist\javassist\3.18.1-GA\javassist-3.18.1-GA.jar;C:\Users\isai.reyes\.m2\repository\org\jboss\jandex\1.1.0.Final\jandex-1.1.0.Final.jar;C:\Users\isai.reyes\.m2\repository\org\hibernate\hibernate-entitymanager\4.3.9.Final\hibernate-entitymanager-4.3.9.Final.jar;C:\Users\isai.reyes\.m2\repository\javax\transaction\jta\1.1\jta-1.1.jar;C:\Users\isai.reyes\.m2\repository\org\slf4j\slf4j-api\1.7.10\slf4j-api-1.7.10.jar;C:\Users\isai.reyes\.m2\repository\org\slf4j\slf4j-log4j12\1.7.10\slf4j-log4j12-1.7.10.jar;C:\Users\isai.reyes\.m2\repository\org\slf4j\jcl-over-slf4j\1.7.10\jcl-over-slf4j-1.7.10.jar;C:\Users\isai.reyes\.m2\repository\net\sf\opencsv\opencsv\1.8\opencsv-1.8.jar;C:\Users\isai.reyes\.m2\repository\commons-dbcp\commons-dbcp\1.3\commons-dbcp-1.3.jar;C:\Users\isai.reyes\.m2\repository\commons-pool\commons-pool\1.5.4\commons-pool-1.5.4.jar;C:\Users\isai.reyes\.m2\repository\org\apache\commons\commons-email\1.4\commons-email-1.4.jar;C:\Users\isai.reyes\.m2\repository\com\sun\mail\javax.mail\1.5.2\javax.mail-1.5.2.jar;C:\Users\isai.reyes\.m2\repository\javax\activation\activation\1.1.1\activation-1.1.1.jar;C:\Users\isai.reyes\.m2\repository\javax\resource\connector-api\1.5\connector-api-1.5.jar;C:\Users\isai.reyes\.m2\repository\com\atomikos\transactions-jta\3.8.0\transactions-jta-3.8.0.jar;C:\Users\isai.reyes\.m2\repository\com\atomikos\transactions\3.8.0\transactions-3.8.0.jar;C:\Users\isai.reyes\.m2\repository\com\atomikos\transactions-api\3.8.0\transactions-api-3.8.0.jar;C:\Users\isai.reyes\.m2\repository\com\atomikos\atomikos-util\3.8.0\atomikos-util-3.8.0.jar;C:\Users\isai.reyes\.m2\repository\org\mockito\mockito-all\1.9.0\mockito-all-1.9.0.jar;C:\Users\isai.reyes\Downloads\jw\jw-community-5.0-SNAPSHOT\wflow-jdbc\target\wflow-jdbc-5.0-SNAPSHOT.jar;C:\Users\isai.reyes\.m2\repository\mysql\mysql-connector-java\5.1.37\mysql-connector-java-5.1.37.jar;C:\Users\isai.reyes\.m2\repository\com\oracle\ojdbc6\12.1.0.2\ojdbc6-12.1.0.2.jar;C:\Users\isai.reyes\.m2\repository\com\microsoft\sqljdbc\4.0\sqljdbc-4.0.jar;C:\Users\isai.reyes\.m2\repository\com\googlecode\json-simple\json-simple\1.1\json-simple-1.1.jar;C:\Users\isai.reyes\.m2\repository\net\sf\ehcache\ehcache-core\2.6.10\ehcache-core-2.6.10.jar;C:\Users\isai.reyes\.m2\repository\org\jsoup\jsoup\1.7.2\jsoup-1.7.2.jar;C:\Users\isai.reyes\.m2\repository\org\owasp\csrfguard\3.1.0\csrfguard-3.1.0.jar;C:\Users\isai.reyes\Downloads\jw\jw-community-5.0-SNAPSHOT\wflow-plugin-base\target\wflow-plugin-base-5.0-SNAPSHOT.jar;C:\Users\isai.reyes\.m2\repository\org\apache\felix\org.apache.felix.main\4.6.1\org.apache.felix.main-4.6.1.jar;C:\Users\isai.reyes\.m2\repository\org\apache\felix\org.apache.felix.framework\4.6.1\org.apache.felix.framework-4.6.1.jar;C:\Users\isai.reyes\.m2\repository\org\json\json\20080701\json-20080701.jar;C:\Users\isai.reyes\.m2\repository\net\sf\json-lib\json-lib\2.3\json-lib-2.3-jdk15.jar;C:\Users\isai.reyes\.m2\repository\net\sf\ezmorph\ezmorph\1.0.6\ezmorph-1.0.6.jar;C:\Users\isai.reyes\.m2\repository\xom\xom\1.1\xom-1.1.jar;C:\Users\isai.reyes\.m2\repository\xerces\xmlParserAPIs\2.6.2\xmlParserAPIs-2.6.2.jar;C:\Users\isai.reyes\.m2\repository\xalan\xalan\2.7.0\xalan-2.7.0.jar;C:\Users\isai.reyes\.m2\repository\jaxen\jaxen\1.1-beta-8\jaxen-1.1-beta-8.jar;C:\Users\isai.reyes\.m2\repository\jdom\jdom\1.0\jdom-1.0.jar;C:\Users\isai.reyes\.m2\repository\org\freemarker\freemarker\2.3.16\freemarker-2.3.16.jar;C:\Users\isai.reyes\.m2\repository\junit\junit\4.12\junit-4.12.jar;C:\Users\isai.reyes\.m2\repository\org\hamcrest\hamcrest-core\1.3\hamcrest-core-1.3.jar;C:\Users\isai.reyes\.m2\repository\org\springframework\spring-test\4.1.6.RELEASE\spring-test-4.1.6.RELEASE.jar;C:\Users\isai.reyes\.m2\repository\javax\servlet\javax.servlet-api\3.0.1\javax.servlet-api-3.0.1.jar;"/>
    <property name="java.vm.specification.version" value="1.8"/>
    <property name="sun.arch.data.model" value="64"/>
    <property name="java.home" value="C:\Program Files\Java\jdk1.8.0_101\jre"/>
    <property name="sun.java.command" value="C:\Users\ISAI~1.REY\AppData\Local\Temp\surefirebooter4589297557817861691.jar C:\Users\ISAI~1.REY\AppData\Local\Temp\surefire8723798989800095115tmp C:\Users\ISAI~1.REY\AppData\Local\Temp\surefire7568142872975078622tmp"/>
    <property name="java.specification.vendor" value="Oracle Corporation"/>
    <property name="user.language" value="es"/>
    <property name="awt.toolkit" value="sun.awt.windows.WToolkit"/>
    <property name="java.vm.info" value="mixed mode"/>
    <property name="java.version" value="1.8.0_101"/>
    <property name="java.ext.dirs" value="C:\Program Files\Java\jdk1.8.0_101\jre\lib\ext;C:\Windows\Sun\Java\lib\ext"/>
    <property name="sun.boot.class.path" value="C:\Program Files\Java\jdk1.8.0_101\jre\lib\resources.jar;C:\Program Files\Java\jdk1.8.0_101\jre\lib\rt.jar;C:\Program Files\Java\jdk1.8.0_101\jre\lib\sunrsasign.jar;C:\Program Files\Java\jdk1.8.0_101\jre\lib\jsse.jar;C:\Program Files\Java\jdk1.8.0_101\jre\lib\jce.jar;C:\Program Files\Java\jdk1.8.0_101\jre\lib\charsets.jar;C:\Program Files\Java\jdk1.8.0_101\jre\lib\jfr.jar;C:\Program Files\Java\jdk1.8.0_101\jre\classes"/>
    <property name="java.vendor" value="Oracle Corporation"/>
    <property name="localRepository" value="C:\Users\isai.reyes\.m2\repository"/>
    <property name="file.separator" value="\"/>
    <property name="java.vendor.url.bug" value="http://bugreport.sun.com/bugreport/"/>
    <property name="sun.cpu.endian" value="little"/>
    <property name="sun.io.unicode.encoding" value="UnicodeLittle"/>
    <property name="sun.desktop" value="windows"/>
    <property name="sun.cpu.isalist" value="amd64"/>
  </properties>
  <testcase classname="org.joget.directory.model.service.TestDirectoryManager" name="testUsersAndGroups" time="2.615"/>
  <testcase classname="org.joget.directory.model.service.TestDirectoryManager" name="testOrganizationChart" time="2.469"/>
  <testcase classname="org.joget.directory.model.service.TestDirectoryManager" name="testDeletion" time="1.044"/>
</testsuite>